---------------------------------------
Begin Slurm Prolog: Apr-11-2025 02:50:49
Job ID:    2441810
User ID:   yshen476
Account:   bios
Job name:  autograder
Partition: coc-cpu
QOS:       coc-ice
---------------------------------------
Architecture:                         x86_64
CPU op-mode(s):                       32-bit, 64-bit
Address sizes:                        46 bits physical, 48 bits virtual
Byte Order:                           Little Endian
CPU(s):                               24
On-line CPU(s) list:                  0-23
Vendor ID:                            GenuineIntel
Model name:                           Intel(R) Xeon(R) Gold 6226 CPU @ 2.70GHz
CPU family:                           6
Model:                                85
Thread(s) per core:                   1
Core(s) per socket:                   12
Socket(s):                            2
Stepping:                             7
CPU(s) scaling MHz:                   73%
CPU max MHz:                          3700.0000
CPU min MHz:                          1200.0000
BogoMIPS:                             5400.00
Flags:                                fpu vme de pse tsc msr pae mce cx8 apic sep mtrr pge mca cmov pat pse36 clflush dts acpi mmx fxsr sse sse2 ss ht tm pbe syscall nx pdpe1gb rdtscp lm constant_tsc art arch_perfmon pebs bts rep_good nopl xtopology nonstop_tsc cpuid aperfmperf pni pclmulqdq dtes64 monitor ds_cpl vmx smx est tm2 ssse3 sdbg fma cx16 xtpr pdcm pcid dca sse4_1 sse4_2 x2apic movbe popcnt tsc_deadline_timer aes xsave avx f16c rdrand lahf_lm abm 3dnowprefetch cpuid_fault epb cat_l3 cdp_l3 intel_ppin ssbd mba ibrs ibpb stibp ibrs_enhanced tpr_shadow flexpriority ept vpid ept_ad fsgsbase tsc_adjust bmi1 avx2 smep bmi2 erms invpcid cqm mpx rdt_a avx512f avx512dq rdseed adx smap clflushopt clwb intel_pt avx512cd avx512bw avx512vl xsaveopt xsavec xgetbv1 xsaves cqm_llc cqm_occup_llc cqm_mbm_total cqm_mbm_local dtherm ida arat pln pts hwp hwp_act_window hwp_epp hwp_pkg_req vnmi pku ospke avx512_vnni md_clear flush_l1d arch_capabilities
Virtualization:                       VT-x
L1d cache:                            768 KiB (24 instances)
L1i cache:                            768 KiB (24 instances)
L2 cache:                             24 MiB (24 instances)
L3 cache:                             38.5 MiB (2 instances)
NUMA node(s):                         2
NUMA node0 CPU(s):                    0-11
NUMA node1 CPU(s):                    12-23
Vulnerability Gather data sampling:   Vulnerable
Vulnerability Itlb multihit:          KVM: Mitigation: VMX disabled
Vulnerability L1tf:                   Not affected
Vulnerability Mds:                    Not affected
Vulnerability Meltdown:               Not affected
Vulnerability Mmio stale data:        Vulnerable
Vulnerability Reg file data sampling: Not affected
Vulnerability Retbleed:               Vulnerable
Vulnerability Spec rstack overflow:   Not affected
Vulnerability Spec store bypass:      Vulnerable
Vulnerability Spectre v1:             Vulnerable: __user pointer sanitization and usercopy barriers only; no swapgs barriers
Vulnerability Spectre v2:             Vulnerable; IBPB: disabled; STIBP: disabled; PBRSB-eIBRS: Vulnerable; BHI: Vulnerable
Vulnerability Srbds:                  Not affected
Vulnerability Tsx async abort:        Mitigation; TSX disabled
rm -f pa3 *.o
mpic++ -O3 -Wall -c spgemm.cpp
mpic++ -O3 -Wall -c apsp.cpp
mpic++ -O3 -Wall -c distribute.cpp
mpic++ -O3 -Wall -c pa3.cpp
mpic++ -O3 -Wall -o pa3 pa3.o spgemm.o apsp.o distribute.o
---------------------------------------
Begin Slurm Epilog: Apr-11-2025 02:57:03
Job ID:        2441810
User ID:       yshen476
Account:       bios
Job name:      autograder
Resources:     cpu=48,mem=192G,node=2
Rsrc Used:     cput=04:56:00,vmem=0,walltime=00:06:10,mem=109808K,energy_used=0
Partition:     coc-cpu
QOS:           coc-ice
Nodes:         atl1-1-03-007-19-[1-2]
---------------------------------------
